Von Crackerton

Level 1 of the Dungeon
(0, 0, D:1)
  a scroll of amnesia
(22, 5, D:1)
  a gold piece
(22, 6, D:1)
  a cursed -1 club
  a kobold corpse
(-14, 11, D:1)
  11 gold pieces
(22, 13, D:1)
  5 gold pieces
(2, 16, D:1)
  a bread ration
(-19, 17, D:1)
  5 gold pieces
(9, 17, D:1)
  a giant gecko corpse
(16, 17, D:1)
  a meat ration {@e2}
(-17, 18, D:1)
  a +0 short sword
  a kobold corpse
(28, 31, D:1)
  4 javelins
(-16, 36, D:1)
  14 sling bullets
(-6, 37, D:1)
  a +0 club
(5, 39, D:1)
  a scroll of amnesia
(-6, 42, D:1)
  a +0 club
(21, 47, D:1)
  a meat ration
(12, 54, D:1)
  a +0 club
(10, 57, D:1)
  a +0 club
(7, 58, D:1)
  a beef jerky
(10, 58, D:1)
  a +0 club
(3, 60, D:1)
  a +0 chain mail

