Gojo

Level 1 of the Dungeon
(0, 0, D:1)
  a +0 club
(17, 3, D:1)
  a +0 club
(28, 8, D:1)
  a +0 club
(-6, 11, D:1)
  a +0 club
(43, 12, D:1)
  a +0 club
(18, 16, D:1)
  a +0 scale mail
(21, 16, D:1)
  a +0 short sword
(36, 21, D:1)
  a +0 dagger
(2, 24, D:1)
  a +0 dagger
(10, 34, D:1)
  13 bolts
(-2, 35, D:1)
  a +0 hunting sling
(50, 43, D:1)
  a +0 short sword
(24, 45, D:1)
  a +1 vampiric dagger
(40, 56, D:1)
  a +0 short sword
(3, 57, D:1)
  a +0 leather armour
(9, 60, D:1)
  a +0 whip

Level 2 of the Dungeon
(0, 0, D:2)
  an arrow
(2, 0, D:2)
  an arrow
(0, 1, D:2)
  an arrow
(-5, 3, D:2)
  23 sling bullets
(3, 8, D:2)
  a +0 dagger
  a kobold corpse (skeletalised by now)
(12, 8, D:2)
  14 bolts
(7, 22, D:2)
  a hobgoblin skeleton
(14, 35, D:2)
  a +0 club
(13, 39, D:2)
  a +0 club
  a hobgoblin corpse (skeletalised by now)
(32, 48, D:2)
  a +0 robe

